0 info it worked if it ends with ok
1 verbose cli [ 'node',
1 verbose cli   '/usr/local/bin/npm',
1 verbose cli   'install',
1 verbose cli   '--save-dev',
1 verbose cli   'grunt-{st}' ]
2 info using npm@1.4.3
3 info using node@v0.10.26
4 warn package.json codemeetup@ No repository field.
5 verbose readDependencies using package.json deps
6 verbose cache add [ 'grunt-{st}', null ]
7 verbose cache add name=undefined spec="grunt-{st}" args=["grunt-{st}",null]
8 verbose parsed url { protocol: null,
8 verbose parsed url   slashes: null,
8 verbose parsed url   auth: null,
8 verbose parsed url   host: null,
8 verbose parsed url   port: null,
8 verbose parsed url   hostname: null,
8 verbose parsed url   hash: null,
8 verbose parsed url   search: null,
8 verbose parsed url   query: null,
8 verbose parsed url   pathname: 'grunt-{st}',
8 verbose parsed url   path: 'grunt-{st}',
8 verbose parsed url   href: 'grunt-{st}' }
9 silly lockFile bfc09b4f-grunt-st grunt-{st}
10 verbose lock grunt-{st} /Users/chriseisenbraun/.npm/bfc09b4f-grunt-st.lock
11 silly lockFile bfc09b4f-grunt-st grunt-{st}
12 silly lockFile bfc09b4f-grunt-st grunt-{st}
13 verbose addNamed [ 'grunt-{st}', '' ]
14 verbose addNamed [ null, '*' ]
15 silly lockFile 0f80260b-grunt-st grunt-{st}@
16 verbose lock grunt-{st}@ /Users/chriseisenbraun/.npm/0f80260b-grunt-st.lock
17 silly addNameRange { name: 'grunt-{st}', range: '*', hasData: false }
18 verbose url raw grunt-{st}
19 verbose url resolving [ 'https://registry.npmjs.org/', './grunt-%7Bst%7D' ]
20 verbose url resolved https://registry.npmjs.org/grunt-%7Bst%7D
21 info trying registry request attempt 1 at 21:55:39
22 http GET https://registry.npmjs.org/grunt-%7Bst%7D
23 http 404 https://registry.npmjs.org/grunt-%7Bst%7D
24 silly registry.get cb [ 404,
24 silly registry.get   { date: 'Sun, 13 Apr 2014 04:55:39 GMT',
24 silly registry.get     server: 'CouchDB/1.5.0 (Erlang OTP/R14B04)',
24 silly registry.get     'content-type': 'application/json',
24 silly registry.get     via: '1.1 varnish',
24 silly registry.get     'cache-control': 'max-age=0',
24 silly registry.get     'content-length': '52',
24 silly registry.get     'accept-ranges': 'bytes',
24 silly registry.get     age: '0',
24 silly registry.get     'x-served-by': 'cache-v44-ASH, cache-lax1434-LAX',
24 silly registry.get     'x-cache': 'MISS, MISS',
24 silly registry.get     'x-cache-hits': '0, 0',
24 silly registry.get     'x-timer': 'S1397364939.381431580,VS0,VS33,VE132,VE162',
24 silly registry.get     'keep-alive': 'timeout=10, max=50',
24 silly registry.get     connection: 'Keep-Alive' } ]
25 silly lockFile 0f80260b-grunt-st grunt-{st}@
26 silly lockFile 0f80260b-grunt-st grunt-{st}@
27 error 404 'grunt-%7Bst%7D' is not in the npm registry.
27 error 404 You should bug the author to publish it
27 error 404 It was specified as a dependency of 'codemeetup'
27 error 404
27 error 404 Note that you can also install from a
27 error 404 tarball, folder, or http url, or git url.
28 error System Darwin 13.1.0
29 error command "node" "/usr/local/bin/npm" "install" "--save-dev" "grunt-{st}"
30 error cwd /Users/chriseisenbraun/Desktop/sassycompass
31 error node -v v0.10.26
32 error npm -v 1.4.3
33 error code E404
34 verbose exit [ 1, true ]
